<?xml version="1.0" encoding="UTF-8"?>
<!-- Generated by org.testng.reporters.JUnitXMLReporter -->
<testsuite ignored="0" hostname="DESKTOP-I6BSOKI" failures="0" tests="4" name="Test" time="36.303" errors="0" timestamp="2023-12-30T14:39:29 GMT">
  <testcase classname="maven.TESTNG1SRTEST" name="test1" time="15.472"/>
  <testcase classname="maven.MutiTest" name="SelectDropDown" time="0.71"/>
  <testcase classname="maven.MutiTest" name="AdvanceDropDown" time="2.64"/>
  <testcase classname="maven.MouseHovering" name="MH" time="10.149"/>
</testsuite> <!-- Test -->
