<?xml version="1.0" encoding="UTF-8"?>
<testng-results ignored="0" total="4" passed="4" failed="0" skipped="0">
  <reporter-output>
  </reporter-output>
  <suite started-at="2023-12-30T14:38:52 GMT" name="Suite" finished-at="2023-12-30T14:39:29 GMT" duration-ms="36303">
    <groups>
    </groups>
    <test started-at="2023-12-30T14:38:52 GMT" name="Test" finished-at="2023-12-30T14:39:29 GMT" duration-ms="36303">
      <class name="maven.MouseHovering">
        <test-method signature="MH()[pri:0, instance:maven.MouseHovering@55183b20]" started-at="2023-12-30T14:39:18 GMT" name="MH" finished-at="2023-12-30T14:39:29 GMT" duration-ms="10149" status="PASS">
          <reporter-output>
          </reporter-output>
        </test-method> <!-- MH -->
      </class> <!-- maven.MouseHovering -->
      <class name="maven.MutiTest">
        <test-method is-config="true" signature="Initalization()[pri:0, instance:maven.MutiTest@1bd4fdd]" started-at="2023-12-30T14:39:08 GMT" name="Initalization" finished-at="2023-12-30T14:39:15 GMT" duration-ms="6780" status="PASS">
          <reporter-output>
          </reporter-output>
        </test-method> <!-- Initalization -->
        <test-method signature="SelectDropDown()[pri:1, instance:maven.MutiTest@1bd4fdd]" started-at="2023-12-30T14:39:15 GMT" name="SelectDropDown" finished-at="2023-12-30T14:39:15 GMT" duration-ms="710" status="PASS">
          <reporter-output>
          </reporter-output>
        </test-method> <!-- SelectDropDown -->
        <test-method signature="AdvanceDropDown()[pri:2, instance:maven.MutiTest@1bd4fdd]" started-at="2023-12-30T14:39:15 GMT" name="AdvanceDropDown" finished-at="2023-12-30T14:39:18 GMT" duration-ms="2640" status="PASS">
          <reporter-output>
          </reporter-output>
        </test-method> <!-- AdvanceDropDown -->
        <test-method is-config="true" signature="CleanUp()[pri:0, instance:maven.MutiTest@1bd4fdd]" started-at="2023-12-30T14:39:18 GMT" name="CleanUp" finished-at="2023-12-30T14:39:18 GMT" duration-ms="380" status="PASS">
          <reporter-output>
          </reporter-output>
        </test-method> <!-- CleanUp -->
      </class> <!-- maven.MutiTest -->
      <class name="maven.TESTNG1SRTEST">
        <test-method signature="test1()[pri:0, instance:maven.TESTNG1SRTEST@dd8ba08]" started-at="2023-12-30T14:38:52 GMT" name="test1" finished-at="2023-12-30T14:39:08 GMT" duration-ms="15472" status="PASS">
          <reporter-output>
          </reporter-output>
        </test-method> <!-- test1 -->
      </class> <!-- maven.TESTNG1SRTEST -->
    </test> <!-- Test -->
  </suite> <!-- Suite -->
</testng-results>
